<?xml version="1.0" encoding="UTF-8"?>
<testsuite name="com.example.project.TestTriangle" tests="3" skipped="0" failures="0" errors="0" timestamp="2025-01-09T17:00:06" hostname="codespaces-9b0f16" time="0.053">
  <properties/>
  <testcase name="testConstructorAndGetVertices()" classname="com.example.project.TestTriangle" time="0.012"/>
  <testcase name="testTriangleInfo()" classname="com.example.project.TestTriangle" time="0.036"/>
  <testcase name="testPerimeter()" classname="com.example.project.TestTriangle" time="0.001"/>
  <system-out><![CDATA[]]></system-out>
  <system-err><![CDATA[]]></system-err>
</testsuite>
